[18-Feb-2020 10:06:51 America/Argentina/Buenos_Aires] PHP Notice:  Constant db_usuario already defined in /var/www/pyme/generalp.config.inc.php on line 8
[18-Feb-2020 10:06:51 America/Argentina/Buenos_Aires] PHP Notice:  Constant db_clave already defined in /var/www/pyme/generalp.config.inc.php on line 9
[18-Feb-2020 10:06:51 America/Argentina/Buenos_Aires] PHP Notice:  Constant db_host already defined in /var/www/pyme/generalp.config.inc.php on line 10
[18-Feb-2020 10:06:51 America/Argentina/Buenos_Aires] PHP Notice:  Constant sugarcrm already defined in /var/www/pyme/generalp.config.inc.php on line 14
[18-Feb-2020 10:06:51 America/Argentina/Buenos_Aires] PHP Notice:  Constant reg_info already defined in /var/www/pyme/generalp.config.inc.php on line 25
[18-Feb-2020 10:06:51 America/Argentina/Buenos_Aires] PHP Notice:  Constant reg_login_ok already defined in /var/www/pyme/generalp.config.inc.php on line 26
[18-Feb-2020 10:06:51 America/Argentina/Buenos_Aires] PHP Notice:  Constant reg_login_fail already defined in /var/www/pyme/generalp.config.inc.php on line 27
[18-Feb-2020 10:06:51 America/Argentina/Buenos_Aires] PHP Notice:  Constant reg_logout already defined in /var/www/pyme/generalp.config.inc.php on line 28
[18-Feb-2020 10:06:51 America/Argentina/Buenos_Aires] PHP Notice:  Constant reg_session_invalidate already defined in /var/www/pyme/generalp.config.inc.php on line 29
[18-Feb-2020 10:06:51 America/Argentina/Buenos_Aires] PHP Notice:  Constant reg_session_read_error already defined in /var/www/pyme/generalp.config.inc.php on line 30
[18-Feb-2020 10:06:51 America/Argentina/Buenos_Aires] PHP Notice:  Constant reg_sql_ok already defined in /var/www/pyme/generalp.config.inc.php on line 31
[18-Feb-2020 10:06:51 America/Argentina/Buenos_Aires] PHP Notice:  Constant reg_sql_fail already defined in /var/www/pyme/generalp.config.inc.php on line 32
[18-Feb-2020 10:06:51 America/Argentina/Buenos_Aires] PHP Notice:  Constant reg_illegal_access already defined in /var/www/pyme/generalp.config.inc.php on line 33
[18-Feb-2020 10:06:51 America/Argentina/Buenos_Aires] PHP Notice:  Constant reg_all already defined in /var/www/pyme/generalp.config.inc.php on line 34
[18-Feb-2020 10:06:51 America/Argentina/Buenos_Aires] PHP Warning:  mysqli::mysqli(): (HY000/2002): No such file or directory in /var/www/pyme/menu_sistemas/lib/common.php on line 47
[18-Feb-2020 10:06:51 America/Argentina/Buenos_Aires] PHP Warning:  mysqli::query(): Couldn't fetch mysqli in /var/www/pyme/menu_sistemas/lib/common.php on line 56
[18-Feb-2020 10:06:51 America/Argentina/Buenos_Aires] PHP Warning:  bd::query(): Couldn't fetch mysqli in /var/www/pyme/menu_sistemas/lib/common.php on line 59
[18-Feb-2020 10:06:51 America/Argentina/Buenos_Aires] PHP Warning:  mysqli::close(): Couldn't fetch mysqli in /var/www/pyme/menu_sistemas/lib/common.php on line 61
[18-Feb-2020 10:06:51 America/Argentina/Buenos_Aires] PHP Notice:  Undefined index: ejecutar in /var/www/pyme/selectraerp/index.php on line 32
[18-Feb-2020 10:06:51 America/Argentina/Buenos_Aires] PHP Notice:  Undefined index: baseDatos in /var/www/pyme/selectraerp/index.php on line 33
[18-Feb-2020 10:06:51 America/Argentina/Buenos_Aires] PHP Notice:  Undefined index: nombre in /var/www/pyme/selectraerp/index.php on line 44
[18-Feb-2020 10:06:51 America/Argentina/Buenos_Aires] PHP Fatal error:  Call to a member function fetch_assoc() on null in /var/www/pyme/selectraerp/index.php on line 57
[18-Feb-2020 10:07:28 America/Argentina/Buenos_Aires] PHP Notice:  Constant db_usuario already defined in /var/www/pyme/generalp.config.inc.php on line 8
[18-Feb-2020 10:07:28 America/Argentina/Buenos_Aires] PHP Notice:  Constant db_clave already defined in /var/www/pyme/generalp.config.inc.php on line 9
[18-Feb-2020 10:07:28 America/Argentina/Buenos_Aires] PHP Notice:  Constant db_host already defined in /var/www/pyme/generalp.config.inc.php on line 10
[18-Feb-2020 10:07:28 America/Argentina/Buenos_Aires] PHP Notice:  Constant sugarcrm already defined in /var/www/pyme/generalp.config.inc.php on line 14
[18-Feb-2020 10:07:28 America/Argentina/Buenos_Aires] PHP Notice:  Constant reg_info already defined in /var/www/pyme/generalp.config.inc.php on line 25
[18-Feb-2020 10:07:28 America/Argentina/Buenos_Aires] PHP Notice:  Constant reg_login_ok already defined in /var/www/pyme/generalp.config.inc.php on line 26
[18-Feb-2020 10:07:28 America/Argentina/Buenos_Aires] PHP Notice:  Constant reg_login_fail already defined in /var/www/pyme/generalp.config.inc.php on line 27
[18-Feb-2020 10:07:28 America/Argentina/Buenos_Aires] PHP Notice:  Constant reg_logout already defined in /var/www/pyme/generalp.config.inc.php on line 28
[18-Feb-2020 10:07:28 America/Argentina/Buenos_Aires] PHP Notice:  Constant reg_session_invalidate already defined in /var/www/pyme/generalp.config.inc.php on line 29
[18-Feb-2020 10:07:28 America/Argentina/Buenos_Aires] PHP Notice:  Constant reg_session_read_error already defined in /var/www/pyme/generalp.config.inc.php on line 30
[18-Feb-2020 10:07:28 America/Argentina/Buenos_Aires] PHP Notice:  Constant reg_sql_ok already defined in /var/www/pyme/generalp.config.inc.php on line 31
[18-Feb-2020 10:07:28 America/Argentina/Buenos_Aires] PHP Notice:  Constant reg_sql_fail already defined in /var/www/pyme/generalp.config.inc.php on line 32
[18-Feb-2020 10:07:28 America/Argentina/Buenos_Aires] PHP Notice:  Constant reg_illegal_access already defined in /var/www/pyme/generalp.config.inc.php on line 33
[18-Feb-2020 10:07:28 America/Argentina/Buenos_Aires] PHP Notice:  Constant reg_all already defined in /var/www/pyme/generalp.config.inc.php on line 34
[18-Feb-2020 10:07:28 America/Argentina/Buenos_Aires] PHP Warning:  mysqli::mysqli(): (HY000/2002): No such file or directory in /var/www/pyme/menu_sistemas/lib/common.php on line 48
[18-Feb-2020 10:07:28 America/Argentina/Buenos_Aires] PHP Warning:  mysqli::query(): Couldn't fetch mysqli in /var/www/pyme/menu_sistemas/lib/common.php on line 57
[18-Feb-2020 10:07:28 America/Argentina/Buenos_Aires] PHP Warning:  bd::query(): Couldn't fetch mysqli in /var/www/pyme/menu_sistemas/lib/common.php on line 60
[18-Feb-2020 10:07:28 America/Argentina/Buenos_Aires] PHP Warning:  mysqli::close(): Couldn't fetch mysqli in /var/www/pyme/menu_sistemas/lib/common.php on line 62
[18-Feb-2020 10:07:28 America/Argentina/Buenos_Aires] PHP Notice:  Undefined index: ejecutar in /var/www/pyme/selectraerp/index.php on line 32
[18-Feb-2020 10:07:28 America/Argentina/Buenos_Aires] PHP Notice:  Undefined index: baseDatos in /var/www/pyme/selectraerp/index.php on line 33
[18-Feb-2020 10:07:28 America/Argentina/Buenos_Aires] PHP Notice:  Undefined index: nombre in /var/www/pyme/selectraerp/index.php on line 44
[18-Feb-2020 10:07:28 America/Argentina/Buenos_Aires] PHP Fatal error:  Call to a member function fetch_assoc() on null in /var/www/pyme/selectraerp/index.php on line 57
[18-Feb-2020 10:08:21 America/Argentina/Buenos_Aires] PHP Notice:  Constant db_usuario already defined in /var/www/pyme/generalp.config.inc.php on line 8
[18-Feb-2020 10:08:21 America/Argentina/Buenos_Aires] PHP Notice:  Constant db_clave already defined in /var/www/pyme/generalp.config.inc.php on line 9
[18-Feb-2020 10:08:21 America/Argentina/Buenos_Aires] PHP Notice:  Constant db_host already defined in /var/www/pyme/generalp.config.inc.php on line 10
[18-Feb-2020 10:08:21 America/Argentina/Buenos_Aires] PHP Notice:  Constant sugarcrm already defined in /var/www/pyme/generalp.config.inc.php on line 14
[18-Feb-2020 10:08:21 America/Argentina/Buenos_Aires] PHP Notice:  Constant reg_info already defined in /var/www/pyme/generalp.config.inc.php on line 25
[18-Feb-2020 10:08:21 America/Argentina/Buenos_Aires] PHP Notice:  Constant reg_login_ok already defined in /var/www/pyme/generalp.config.inc.php on line 26
[18-Feb-2020 10:08:21 America/Argentina/Buenos_Aires] PHP Notice:  Constant reg_login_fail already defined in /var/www/pyme/generalp.config.inc.php on line 27
[18-Feb-2020 10:08:21 America/Argentina/Buenos_Aires] PHP Notice:  Constant reg_logout already defined in /var/www/pyme/generalp.config.inc.php on line 28
[18-Feb-2020 10:08:21 America/Argentina/Buenos_Aires] PHP Notice:  Constant reg_session_invalidate already defined in /var/www/pyme/generalp.config.inc.php on line 29
[18-Feb-2020 10:08:21 America/Argentina/Buenos_Aires] PHP Notice:  Constant reg_session_read_error already defined in /var/www/pyme/generalp.config.inc.php on line 30
[18-Feb-2020 10:08:21 America/Argentina/Buenos_Aires] PHP Notice:  Constant reg_sql_ok already defined in /var/www/pyme/generalp.config.inc.php on line 31
[18-Feb-2020 10:08:21 America/Argentina/Buenos_Aires] PHP Notice:  Constant reg_sql_fail already defined in /var/www/pyme/generalp.config.inc.php on line 32
[18-Feb-2020 10:08:21 America/Argentina/Buenos_Aires] PHP Notice:  Constant reg_illegal_access already defined in /var/www/pyme/generalp.config.inc.php on line 33
[18-Feb-2020 10:08:21 America/Argentina/Buenos_Aires] PHP Notice:  Constant reg_all already defined in /var/www/pyme/generalp.config.inc.php on line 34
[18-Feb-2020 10:08:31 America/Argentina/Buenos_Aires] PHP Notice:  Constant db_usuario already defined in /var/www/pyme/generalp.config.inc.php on line 8
[18-Feb-2020 10:08:31 America/Argentina/Buenos_Aires] PHP Notice:  Constant db_clave already defined in /var/www/pyme/generalp.config.inc.php on line 9
[18-Feb-2020 10:08:31 America/Argentina/Buenos_Aires] PHP Notice:  Constant db_host already defined in /var/www/pyme/generalp.config.inc.php on line 10
[18-Feb-2020 10:08:31 America/Argentina/Buenos_Aires] PHP Notice:  Constant sugarcrm already defined in /var/www/pyme/generalp.config.inc.php on line 14
[18-Feb-2020 10:08:31 America/Argentina/Buenos_Aires] PHP Notice:  Constant reg_info already defined in /var/www/pyme/generalp.config.inc.php on line 25
[18-Feb-2020 10:08:31 America/Argentina/Buenos_Aires] PHP Notice:  Constant reg_login_ok already defined in /var/www/pyme/generalp.config.inc.php on line 26
[18-Feb-2020 10:08:31 America/Argentina/Buenos_Aires] PHP Notice:  Constant reg_login_fail already defined in /var/www/pyme/generalp.config.inc.php on line 27
[18-Feb-2020 10:08:31 America/Argentina/Buenos_Aires] PHP Notice:  Constant reg_logout already defined in /var/www/pyme/generalp.config.inc.php on line 28
[18-Feb-2020 10:08:31 America/Argentina/Buenos_Aires] PHP Notice:  Constant reg_session_invalidate already defined in /var/www/pyme/generalp.config.inc.php on line 29
[18-Feb-2020 10:08:31 America/Argentina/Buenos_Aires] PHP Notice:  Constant reg_session_read_error already defined in /var/www/pyme/generalp.config.inc.php on line 30
[18-Feb-2020 10:08:31 America/Argentina/Buenos_Aires] PHP Notice:  Constant reg_sql_ok already defined in /var/www/pyme/generalp.config.inc.php on line 31
[18-Feb-2020 10:08:31 America/Argentina/Buenos_Aires] PHP Notice:  Constant reg_sql_fail already defined in /var/www/pyme/generalp.config.inc.php on line 32
[18-Feb-2020 10:08:31 America/Argentina/Buenos_Aires] PHP Notice:  Constant reg_illegal_access already defined in /var/www/pyme/generalp.config.inc.php on line 33
[18-Feb-2020 10:08:31 America/Argentina/Buenos_Aires] PHP Notice:  Constant reg_all already defined in /var/www/pyme/generalp.config.inc.php on line 34
[18-Feb-2020 10:09:56 America/Argentina/Buenos_Aires] PHP Notice:  Constant db_usuario already defined in /var/www/pyme/generalp.config.inc.php on line 8
[18-Feb-2020 10:09:56 America/Argentina/Buenos_Aires] PHP Notice:  Constant db_clave already defined in /var/www/pyme/generalp.config.inc.php on line 9
[18-Feb-2020 10:09:56 America/Argentina/Buenos_Aires] PHP Notice:  Constant db_host already defined in /var/www/pyme/generalp.config.inc.php on line 10
[18-Feb-2020 10:09:56 America/Argentina/Buenos_Aires] PHP Notice:  Constant sugarcrm already defined in /var/www/pyme/generalp.config.inc.php on line 14
[18-Feb-2020 10:09:56 America/Argentina/Buenos_Aires] PHP Notice:  Constant reg_info already defined in /var/www/pyme/generalp.config.inc.php on line 25
[18-Feb-2020 10:09:56 America/Argentina/Buenos_Aires] PHP Notice:  Constant reg_login_ok already defined in /var/www/pyme/generalp.config.inc.php on line 26
[18-Feb-2020 10:09:56 America/Argentina/Buenos_Aires] PHP Notice:  Constant reg_login_fail already defined in /var/www/pyme/generalp.config.inc.php on line 27
[18-Feb-2020 10:09:56 America/Argentina/Buenos_Aires] PHP Notice:  Constant reg_logout already defined in /var/www/pyme/generalp.config.inc.php on line 28
[18-Feb-2020 10:09:56 America/Argentina/Buenos_Aires] PHP Notice:  Constant reg_session_invalidate already defined in /var/www/pyme/generalp.config.inc.php on line 29
[18-Feb-2020 10:09:56 America/Argentina/Buenos_Aires] PHP Notice:  Constant reg_session_read_error already defined in /var/www/pyme/generalp.config.inc.php on line 30
[18-Feb-2020 10:09:56 America/Argentina/Buenos_Aires] PHP Notice:  Constant reg_sql_ok already defined in /var/www/pyme/generalp.config.inc.php on line 31
[18-Feb-2020 10:09:56 America/Argentina/Buenos_Aires] PHP Notice:  Constant reg_sql_fail already defined in /var/www/pyme/generalp.config.inc.php on line 32
[18-Feb-2020 10:09:56 America/Argentina/Buenos_Aires] PHP Notice:  Constant reg_illegal_access already defined in /var/www/pyme/generalp.config.inc.php on line 33
[18-Feb-2020 10:09:56 America/Argentina/Buenos_Aires] PHP Notice:  Constant reg_all already defined in /var/www/pyme/generalp.config.inc.php on line 34
[18-Feb-2020 10:09:56 America/Argentina/Buenos_Aires] PHP Warning:  mysqli::mysqli(): (HY000/2002): No such file or directory in /var/www/pyme/menu_sistemas/lib/common.php on line 48
[18-Feb-2020 10:09:56 America/Argentina/Buenos_Aires] PHP Warning:  mysqli::query(): Couldn't fetch mysqli in /var/www/pyme/menu_sistemas/lib/common.php on line 57
[18-Feb-2020 10:09:56 America/Argentina/Buenos_Aires] PHP Warning:  bd::query(): Couldn't fetch mysqli in /var/www/pyme/menu_sistemas/lib/common.php on line 60
[18-Feb-2020 10:09:56 America/Argentina/Buenos_Aires] PHP Warning:  mysqli::close(): Couldn't fetch mysqli in /var/www/pyme/menu_sistemas/lib/common.php on line 62
[18-Feb-2020 10:09:56 America/Argentina/Buenos_Aires] PHP Notice:  Undefined index: ejecutar in /var/www/pyme/selectraerp/index.php on line 32
[18-Feb-2020 10:09:56 America/Argentina/Buenos_Aires] PHP Notice:  Undefined index: baseDatos in /var/www/pyme/selectraerp/index.php on line 33
[18-Feb-2020 10:09:56 America/Argentina/Buenos_Aires] PHP Notice:  Undefined index: nombre in /var/www/pyme/selectraerp/index.php on line 44
[18-Feb-2020 10:09:56 America/Argentina/Buenos_Aires] PHP Fatal error:  Call to a member function fetch_assoc() on null in /var/www/pyme/selectraerp/index.php on line 57
[18-Feb-2020 10:11:59 America/Argentina/Buenos_Aires] PHP Notice:  Constant db_usuario already defined in /var/www/pyme/generalp.config.inc.php on line 8
[18-Feb-2020 10:11:59 America/Argentina/Buenos_Aires] PHP Notice:  Constant db_clave already defined in /var/www/pyme/generalp.config.inc.php on line 9
[18-Feb-2020 10:11:59 America/Argentina/Buenos_Aires] PHP Notice:  Constant db_host already defined in /var/www/pyme/generalp.config.inc.php on line 10
[18-Feb-2020 10:11:59 America/Argentina/Buenos_Aires] PHP Notice:  Constant sugarcrm already defined in /var/www/pyme/generalp.config.inc.php on line 14
[18-Feb-2020 10:11:59 America/Argentina/Buenos_Aires] PHP Notice:  Constant reg_info already defined in /var/www/pyme/generalp.config.inc.php on line 25
[18-Feb-2020 10:11:59 America/Argentina/Buenos_Aires] PHP Notice:  Constant reg_login_ok already defined in /var/www/pyme/generalp.config.inc.php on line 26
[18-Feb-2020 10:11:59 America/Argentina/Buenos_Aires] PHP Notice:  Constant reg_login_fail already defined in /var/www/pyme/generalp.config.inc.php on line 27
[18-Feb-2020 10:11:59 America/Argentina/Buenos_Aires] PHP Notice:  Constant reg_logout already defined in /var/www/pyme/generalp.config.inc.php on line 28
[18-Feb-2020 10:11:59 America/Argentina/Buenos_Aires] PHP Notice:  Constant reg_session_invalidate already defined in /var/www/pyme/generalp.config.inc.php on line 29
[18-Feb-2020 10:11:59 America/Argentina/Buenos_Aires] PHP Notice:  Constant reg_session_read_error already defined in /var/www/pyme/generalp.config.inc.php on line 30
[18-Feb-2020 10:11:59 America/Argentina/Buenos_Aires] PHP Notice:  Constant reg_sql_ok already defined in /var/www/pyme/generalp.config.inc.php on line 31
[18-Feb-2020 10:11:59 America/Argentina/Buenos_Aires] PHP Notice:  Constant reg_sql_fail already defined in /var/www/pyme/generalp.config.inc.php on line 32
[18-Feb-2020 10:11:59 America/Argentina/Buenos_Aires] PHP Notice:  Constant reg_illegal_access already defined in /var/www/pyme/generalp.config.inc.php on line 33
[18-Feb-2020 10:11:59 America/Argentina/Buenos_Aires] PHP Notice:  Constant reg_all already defined in /var/www/pyme/generalp.config.inc.php on line 34
[18-Feb-2020 10:13:25 America/Argentina/Buenos_Aires] PHP Notice:  Constant db_usuario already defined in /var/www/pyme/generalp.config.inc.php on line 8
[18-Feb-2020 10:13:25 America/Argentina/Buenos_Aires] PHP Notice:  Constant db_clave already defined in /var/www/pyme/generalp.config.inc.php on line 9
[18-Feb-2020 10:13:25 America/Argentina/Buenos_Aires] PHP Notice:  Constant db_host already defined in /var/www/pyme/generalp.config.inc.php on line 10
[18-Feb-2020 10:13:25 America/Argentina/Buenos_Aires] PHP Notice:  Constant sugarcrm already defined in /var/www/pyme/generalp.config.inc.php on line 14
[18-Feb-2020 10:13:25 America/Argentina/Buenos_Aires] PHP Notice:  Constant reg_info already defined in /var/www/pyme/generalp.config.inc.php on line 25
[18-Feb-2020 10:13:25 America/Argentina/Buenos_Aires] PHP Notice:  Constant reg_login_ok already defined in /var/www/pyme/generalp.config.inc.php on line 26
[18-Feb-2020 10:13:25 America/Argentina/Buenos_Aires] PHP Notice:  Constant reg_login_fail already defined in /var/www/pyme/generalp.config.inc.php on line 27
[18-Feb-2020 10:13:25 America/Argentina/Buenos_Aires] PHP Notice:  Constant reg_logout already defined in /var/www/pyme/generalp.config.inc.php on line 28
[18-Feb-2020 10:13:25 America/Argentina/Buenos_Aires] PHP Notice:  Constant reg_session_invalidate already defined in /var/www/pyme/generalp.config.inc.php on line 29
[18-Feb-2020 10:13:25 America/Argentina/Buenos_Aires] PHP Notice:  Constant reg_session_read_error already defined in /var/www/pyme/generalp.config.inc.php on line 30
[18-Feb-2020 10:13:25 America/Argentina/Buenos_Aires] PHP Notice:  Constant reg_sql_ok already defined in /var/www/pyme/generalp.config.inc.php on line 31
[18-Feb-2020 10:13:25 America/Argentina/Buenos_Aires] PHP Notice:  Constant reg_sql_fail already defined in /var/www/pyme/generalp.config.inc.php on line 32
[18-Feb-2020 10:13:25 America/Argentina/Buenos_Aires] PHP Notice:  Constant reg_illegal_access already defined in /var/www/pyme/generalp.config.inc.php on line 33
[18-Feb-2020 10:13:25 America/Argentina/Buenos_Aires] PHP Notice:  Constant reg_all already defined in /var/www/pyme/generalp.config.inc.php on line 34
[18-Feb-2020 10:13:53 America/Argentina/Buenos_Aires] PHP Notice:  Constant db_usuario already defined in /var/www/pyme/generalp.config.inc.php on line 8
[18-Feb-2020 10:13:53 America/Argentina/Buenos_Aires] PHP Notice:  Constant db_clave already defined in /var/www/pyme/generalp.config.inc.php on line 9
[18-Feb-2020 10:13:53 America/Argentina/Buenos_Aires] PHP Notice:  Constant db_host already defined in /var/www/pyme/generalp.config.inc.php on line 10
[18-Feb-2020 10:13:53 America/Argentina/Buenos_Aires] PHP Notice:  Constant sugarcrm already defined in /var/www/pyme/generalp.config.inc.php on line 14
[18-Feb-2020 10:13:53 America/Argentina/Buenos_Aires] PHP Notice:  Constant reg_info already defined in /var/www/pyme/generalp.config.inc.php on line 25
[18-Feb-2020 10:13:53 America/Argentina/Buenos_Aires] PHP Notice:  Constant reg_login_ok already defined in /var/www/pyme/generalp.config.inc.php on line 26
[18-Feb-2020 10:13:53 America/Argentina/Buenos_Aires] PHP Notice:  Constant reg_login_fail already defined in /var/www/pyme/generalp.config.inc.php on line 27
[18-Feb-2020 10:13:53 America/Argentina/Buenos_Aires] PHP Notice:  Constant reg_logout already defined in /var/www/pyme/generalp.config.inc.php on line 28
[18-Feb-2020 10:13:53 America/Argentina/Buenos_Aires] PHP Notice:  Constant reg_session_invalidate already defined in /var/www/pyme/generalp.config.inc.php on line 29
[18-Feb-2020 10:13:53 America/Argentina/Buenos_Aires] PHP Notice:  Constant reg_session_read_error already defined in /var/www/pyme/generalp.config.inc.php on line 30
[18-Feb-2020 10:13:53 America/Argentina/Buenos_Aires] PHP Notice:  Constant reg_sql_ok already defined in /var/www/pyme/generalp.config.inc.php on line 31
[18-Feb-2020 10:13:53 America/Argentina/Buenos_Aires] PHP Notice:  Constant reg_sql_fail already defined in /var/www/pyme/generalp.config.inc.php on line 32
[18-Feb-2020 10:13:53 America/Argentina/Buenos_Aires] PHP Notice:  Constant reg_illegal_access already defined in /var/www/pyme/generalp.config.inc.php on line 33
[18-Feb-2020 10:13:53 America/Argentina/Buenos_Aires] PHP Notice:  Constant reg_all already defined in /var/www/pyme/generalp.config.inc.php on line 34
[18-Feb-2020 10:14:09 America/Argentina/Buenos_Aires] PHP Notice:  Constant db_usuario already defined in /var/www/pyme/generalp.config.inc.php on line 8
[18-Feb-2020 10:14:09 America/Argentina/Buenos_Aires] PHP Notice:  Constant db_clave already defined in /var/www/pyme/generalp.config.inc.php on line 9
[18-Feb-2020 10:14:09 America/Argentina/Buenos_Aires] PHP Notice:  Constant db_host already defined in /var/www/pyme/generalp.config.inc.php on line 10
[18-Feb-2020 10:14:09 America/Argentina/Buenos_Aires] PHP Notice:  Constant sugarcrm already defined in /var/www/pyme/generalp.config.inc.php on line 14
[18-Feb-2020 10:14:09 America/Argentina/Buenos_Aires] PHP Notice:  Constant reg_info already defined in /var/www/pyme/generalp.config.inc.php on line 25
[18-Feb-2020 10:14:09 America/Argentina/Buenos_Aires] PHP Notice:  Constant reg_login_ok already defined in /var/www/pyme/generalp.config.inc.php on line 26
[18-Feb-2020 10:14:09 America/Argentina/Buenos_Aires] PHP Notice:  Constant reg_login_fail already defined in /var/www/pyme/generalp.config.inc.php on line 27
[18-Feb-2020 10:14:09 America/Argentina/Buenos_Aires] PHP Notice:  Constant reg_logout already defined in /var/www/pyme/generalp.config.inc.php on line 28
[18-Feb-2020 10:14:09 America/Argentina/Buenos_Aires] PHP Notice:  Constant reg_session_invalidate already defined in /var/www/pyme/generalp.config.inc.php on line 29
[18-Feb-2020 10:14:09 America/Argentina/Buenos_Aires] PHP Notice:  Constant reg_session_read_error already defined in /var/www/pyme/generalp.config.inc.php on line 30
[18-Feb-2020 10:14:09 America/Argentina/Buenos_Aires] PHP Notice:  Constant reg_sql_ok already defined in /var/www/pyme/generalp.config.inc.php on line 31
[18-Feb-2020 10:14:09 America/Argentina/Buenos_Aires] PHP Notice:  Constant reg_sql_fail already defined in /var/www/pyme/generalp.config.inc.php on line 32
[18-Feb-2020 10:14:09 America/Argentina/Buenos_Aires] PHP Notice:  Constant reg_illegal_access already defined in /var/www/pyme/generalp.config.inc.php on line 33
[18-Feb-2020 10:14:09 America/Argentina/Buenos_Aires] PHP Notice:  Constant reg_all already defined in /var/www/pyme/generalp.config.inc.php on line 34
[18-Feb-2020 10:14:09 America/Argentina/Buenos_Aires] PHP Warning:  mysqli::mysqli(): (HY000/2002): No such file or directory in /var/www/pyme/menu_sistemas/lib/common.php on line 48
[18-Feb-2020 10:14:09 America/Argentina/Buenos_Aires] PHP Warning:  mysqli::query(): Couldn't fetch mysqli in /var/www/pyme/menu_sistemas/lib/common.php on line 57
[18-Feb-2020 10:14:09 America/Argentina/Buenos_Aires] PHP Warning:  bd::query(): Couldn't fetch mysqli in /var/www/pyme/menu_sistemas/lib/common.php on line 60
[18-Feb-2020 10:14:09 America/Argentina/Buenos_Aires] PHP Warning:  mysqli::close(): Couldn't fetch mysqli in /var/www/pyme/menu_sistemas/lib/common.php on line 62
[18-Feb-2020 10:14:09 America/Argentina/Buenos_Aires] PHP Notice:  Undefined index: ejecutar in /var/www/pyme/selectraerp/index.php on line 32
[18-Feb-2020 10:14:09 America/Argentina/Buenos_Aires] PHP Notice:  Undefined index: baseDatos in /var/www/pyme/selectraerp/index.php on line 33
[18-Feb-2020 10:14:09 America/Argentina/Buenos_Aires] PHP Notice:  Undefined index: nombre in /var/www/pyme/selectraerp/index.php on line 44
[18-Feb-2020 10:14:09 America/Argentina/Buenos_Aires] PHP Fatal error:  Call to a member function fetch_assoc() on null in /var/www/pyme/selectraerp/index.php on line 57
[18-Feb-2020 10:14:41 America/Argentina/Buenos_Aires] PHP Notice:  Constant db_usuario already defined in /var/www/pyme/generalp.config.inc.php on line 8
[18-Feb-2020 10:14:41 America/Argentina/Buenos_Aires] PHP Notice:  Constant db_clave already defined in /var/www/pyme/generalp.config.inc.php on line 9
[18-Feb-2020 10:14:41 America/Argentina/Buenos_Aires] PHP Notice:  Constant db_host already defined in /var/www/pyme/generalp.config.inc.php on line 10
[18-Feb-2020 10:14:41 America/Argentina/Buenos_Aires] PHP Notice:  Constant sugarcrm already defined in /var/www/pyme/generalp.config.inc.php on line 14
[18-Feb-2020 10:14:41 America/Argentina/Buenos_Aires] PHP Notice:  Constant reg_info already defined in /var/www/pyme/generalp.config.inc.php on line 25
[18-Feb-2020 10:14:41 America/Argentina/Buenos_Aires] PHP Notice:  Constant reg_login_ok already defined in /var/www/pyme/generalp.config.inc.php on line 26
[18-Feb-2020 10:14:41 America/Argentina/Buenos_Aires] PHP Notice:  Constant reg_login_fail already defined in /var/www/pyme/generalp.config.inc.php on line 27
[18-Feb-2020 10:14:41 America/Argentina/Buenos_Aires] PHP Notice:  Constant reg_logout already defined in /var/www/pyme/generalp.config.inc.php on line 28
[18-Feb-2020 10:14:41 America/Argentina/Buenos_Aires] PHP Notice:  Constant reg_session_invalidate already defined in /var/www/pyme/generalp.config.inc.php on line 29
[18-Feb-2020 10:14:41 America/Argentina/Buenos_Aires] PHP Notice:  Constant reg_session_read_error already defined in /var/www/pyme/generalp.config.inc.php on line 30
[18-Feb-2020 10:14:41 America/Argentina/Buenos_Aires] PHP Notice:  Constant reg_sql_ok already defined in /var/www/pyme/generalp.config.inc.php on line 31
[18-Feb-2020 10:14:41 America/Argentina/Buenos_Aires] PHP Notice:  Constant reg_sql_fail already defined in /var/www/pyme/generalp.config.inc.php on line 32
[18-Feb-2020 10:14:41 America/Argentina/Buenos_Aires] PHP Notice:  Constant reg_illegal_access already defined in /var/www/pyme/generalp.config.inc.php on line 33
[18-Feb-2020 10:14:41 America/Argentina/Buenos_Aires] PHP Notice:  Constant reg_all already defined in /var/www/pyme/generalp.config.inc.php on line 34
[18-Feb-2020 10:14:41 America/Argentina/Buenos_Aires] PHP Warning:  mysqli::mysqli(): (HY000/2002): No such file or directory in /var/www/pyme/menu_sistemas/lib/common.php on line 48
[18-Feb-2020 10:14:41 America/Argentina/Buenos_Aires] PHP Warning:  print_r(): Property access is not allowed yet in /var/www/pyme/menu_sistemas/lib/common.php on line 49
[18-Feb-2020 10:14:41 America/Argentina/Buenos_Aires] PHP Warning:  print_r(): Property access is not allowed yet in /var/www/pyme/menu_sistemas/lib/common.php on line 49
[18-Feb-2020 10:14:41 America/Argentina/Buenos_Aires] PHP Warning:  print_r(): Couldn't fetch mysqli in /var/www/pyme/menu_sistemas/lib/common.php on line 49
[18-Feb-2020 10:14:41 America/Argentina/Buenos_Aires] PHP Warning:  print_r(): Couldn't fetch mysqli in /var/www/pyme/menu_sistemas/lib/common.php on line 49
[18-Feb-2020 10:14:41 America/Argentina/Buenos_Aires] PHP Warning:  print_r(): Property access is not allowed yet in /var/www/pyme/menu_sistemas/lib/common.php on line 49
[18-Feb-2020 10:14:41 America/Argentina/Buenos_Aires] PHP Warning:  print_r(): Couldn't fetch mysqli in /var/www/pyme/menu_sistemas/lib/common.php on line 49
[18-Feb-2020 10:14:41 America/Argentina/Buenos_Aires] PHP Warning:  print_r(): Couldn't fetch mysqli in /var/www/pyme/menu_sistemas/lib/common.php on line 49
[18-Feb-2020 10:14:41 America/Argentina/Buenos_Aires] PHP Warning:  print_r(): Couldn't fetch mysqli in /var/www/pyme/menu_sistemas/lib/common.php on line 49
[18-Feb-2020 10:14:41 America/Argentina/Buenos_Aires] PHP Warning:  print_r(): Couldn't fetch mysqli in /var/www/pyme/menu_sistemas/lib/common.php on line 49
[18-Feb-2020 10:14:41 America/Argentina/Buenos_Aires] PHP Warning:  print_r(): Couldn't fetch mysqli in /var/www/pyme/menu_sistemas/lib/common.php on line 49
[18-Feb-2020 10:14:41 America/Argentina/Buenos_Aires] PHP Warning:  print_r(): Couldn't fetch mysqli in /var/www/pyme/menu_sistemas/lib/common.php on line 49
[18-Feb-2020 10:14:41 America/Argentina/Buenos_Aires] PHP Warning:  print_r(): Property access is not allowed yet in /var/www/pyme/menu_sistemas/lib/common.php on line 49
[18-Feb-2020 10:14:41 America/Argentina/Buenos_Aires] PHP Warning:  print_r(): Couldn't fetch mysqli in /var/www/pyme/menu_sistemas/lib/common.php on line 49
[18-Feb-2020 10:14:41 America/Argentina/Buenos_Aires] PHP Warning:  print_r(): Couldn't fetch mysqli in /var/www/pyme/menu_sistemas/lib/common.php on line 49
[18-Feb-2020 10:14:41 America/Argentina/Buenos_Aires] PHP Warning:  print_r(): Couldn't fetch mysqli in /var/www/pyme/menu_sistemas/lib/common.php on line 49
[18-Feb-2020 10:14:41 America/Argentina/Buenos_Aires] PHP Warning:  print_r(): Couldn't fetch mysqli in /var/www/pyme/menu_sistemas/lib/common.php on line 49
[18-Feb-2020 10:16:52 America/Argentina/Buenos_Aires] PHP Notice:  Constant db_usuario already defined in /var/www/pyme/generalp.config.inc.php on line 8
[18-Feb-2020 10:16:52 America/Argentina/Buenos_Aires] PHP Notice:  Constant db_clave already defined in /var/www/pyme/generalp.config.inc.php on line 9
[18-Feb-2020 10:16:52 America/Argentina/Buenos_Aires] PHP Notice:  Constant db_host already defined in /var/www/pyme/generalp.config.inc.php on line 10
[18-Feb-2020 10:16:52 America/Argentina/Buenos_Aires] PHP Notice:  Constant sugarcrm already defined in /var/www/pyme/generalp.config.inc.php on line 14
[18-Feb-2020 10:16:52 America/Argentina/Buenos_Aires] PHP Notice:  Constant reg_info already defined in /var/www/pyme/generalp.config.inc.php on line 25
[18-Feb-2020 10:16:52 America/Argentina/Buenos_Aires] PHP Notice:  Constant reg_login_ok already defined in /var/www/pyme/generalp.config.inc.php on line 26
[18-Feb-2020 10:16:52 America/Argentina/Buenos_Aires] PHP Notice:  Constant reg_login_fail already defined in /var/www/pyme/generalp.config.inc.php on line 27
[18-Feb-2020 10:16:52 America/Argentina/Buenos_Aires] PHP Notice:  Constant reg_logout already defined in /var/www/pyme/generalp.config.inc.php on line 28
[18-Feb-2020 10:16:52 America/Argentina/Buenos_Aires] PHP Notice:  Constant reg_session_invalidate already defined in /var/www/pyme/generalp.config.inc.php on line 29
[18-Feb-2020 10:16:52 America/Argentina/Buenos_Aires] PHP Notice:  Constant reg_session_read_error already defined in /var/www/pyme/generalp.config.inc.php on line 30
[18-Feb-2020 10:16:52 America/Argentina/Buenos_Aires] PHP Notice:  Constant reg_sql_ok already defined in /var/www/pyme/generalp.config.inc.php on line 31
[18-Feb-2020 10:16:52 America/Argentina/Buenos_Aires] PHP Notice:  Constant reg_sql_fail already defined in /var/www/pyme/generalp.config.inc.php on line 32
[18-Feb-2020 10:16:52 America/Argentina/Buenos_Aires] PHP Notice:  Constant reg_illegal_access already defined in /var/www/pyme/generalp.config.inc.php on line 33
[18-Feb-2020 10:16:52 America/Argentina/Buenos_Aires] PHP Notice:  Constant reg_all already defined in /var/www/pyme/generalp.config.inc.php on line 34
[18-Feb-2020 10:16:52 America/Argentina/Buenos_Aires] PHP Warning:  mysqli::mysqli(): (HY000/2002): Connection refused in /var/www/pyme/menu_sistemas/lib/common.php on line 48
[18-Feb-2020 10:16:52 America/Argentina/Buenos_Aires] PHP Warning:  mysqli::query(): Couldn't fetch mysqli in /var/www/pyme/menu_sistemas/lib/common.php on line 57
[18-Feb-2020 10:16:52 America/Argentina/Buenos_Aires] PHP Warning:  bd::query(): Couldn't fetch mysqli in /var/www/pyme/menu_sistemas/lib/common.php on line 60
[18-Feb-2020 10:16:52 America/Argentina/Buenos_Aires] PHP Warning:  mysqli::close(): Couldn't fetch mysqli in /var/www/pyme/menu_sistemas/lib/common.php on line 62
[18-Feb-2020 10:16:52 America/Argentina/Buenos_Aires] PHP Notice:  Undefined index: ejecutar in /var/www/pyme/selectraerp/index.php on line 32
[18-Feb-2020 10:16:52 America/Argentina/Buenos_Aires] PHP Notice:  Undefined index: baseDatos in /var/www/pyme/selectraerp/index.php on line 33
[18-Feb-2020 10:16:52 America/Argentina/Buenos_Aires] PHP Notice:  Undefined index: nombre in /var/www/pyme/selectraerp/index.php on line 44
[18-Feb-2020 10:16:52 America/Argentina/Buenos_Aires] PHP Fatal error:  Call to a member function fetch_assoc() on null in /var/www/pyme/selectraerp/index.php on line 57
[18-Feb-2020 10:25:36 America/Argentina/Buenos_Aires] PHP Notice:  Constant db_usuario already defined in /var/www/pyme/generalp.config.inc.php on line 8
[18-Feb-2020 10:25:36 America/Argentina/Buenos_Aires] PHP Notice:  Constant db_clave already defined in /var/www/pyme/generalp.config.inc.php on line 9
[18-Feb-2020 10:25:36 America/Argentina/Buenos_Aires] PHP Notice:  Constant db_host already defined in /var/www/pyme/generalp.config.inc.php on line 10
[18-Feb-2020 10:25:36 America/Argentina/Buenos_Aires] PHP Notice:  Constant sugarcrm already defined in /var/www/pyme/generalp.config.inc.php on line 14
[18-Feb-2020 10:25:36 America/Argentina/Buenos_Aires] PHP Notice:  Constant reg_info already defined in /var/www/pyme/generalp.config.inc.php on line 25
[18-Feb-2020 10:25:36 America/Argentina/Buenos_Aires] PHP Notice:  Constant reg_login_ok already defined in /var/www/pyme/generalp.config.inc.php on line 26
[18-Feb-2020 10:25:36 America/Argentina/Buenos_Aires] PHP Notice:  Constant reg_login_fail already defined in /var/www/pyme/generalp.config.inc.php on line 27
[18-Feb-2020 10:25:36 America/Argentina/Buenos_Aires] PHP Notice:  Constant reg_logout already defined in /var/www/pyme/generalp.config.inc.php on line 28
[18-Feb-2020 10:25:36 America/Argentina/Buenos_Aires] PHP Notice:  Constant reg_session_invalidate already defined in /var/www/pyme/generalp.config.inc.php on line 29
[18-Feb-2020 10:25:36 America/Argentina/Buenos_Aires] PHP Notice:  Constant reg_session_read_error already defined in /var/www/pyme/generalp.config.inc.php on line 30
[18-Feb-2020 10:25:36 America/Argentina/Buenos_Aires] PHP Notice:  Constant reg_sql_ok already defined in /var/www/pyme/generalp.config.inc.php on line 31
[18-Feb-2020 10:25:36 America/Argentina/Buenos_Aires] PHP Notice:  Constant reg_sql_fail already defined in /var/www/pyme/generalp.config.inc.php on line 32
[18-Feb-2020 10:25:36 America/Argentina/Buenos_Aires] PHP Notice:  Constant reg_illegal_access already defined in /var/www/pyme/generalp.config.inc.php on line 33
[18-Feb-2020 10:25:36 America/Argentina/Buenos_Aires] PHP Notice:  Constant reg_all already defined in /var/www/pyme/generalp.config.inc.php on line 34
[18-Feb-2020 10:26:18 America/Argentina/Buenos_Aires] PHP Notice:  Constant db_usuario already defined in /var/www/pyme/generalp.config.inc.php on line 8
[18-Feb-2020 10:26:18 America/Argentina/Buenos_Aires] PHP Notice:  Constant db_clave already defined in /var/www/pyme/generalp.config.inc.php on line 9
[18-Feb-2020 10:26:18 America/Argentina/Buenos_Aires] PHP Notice:  Constant db_host already defined in /var/www/pyme/generalp.config.inc.php on line 10
[18-Feb-2020 10:26:18 America/Argentina/Buenos_Aires] PHP Notice:  Constant sugarcrm already defined in /var/www/pyme/generalp.config.inc.php on line 14
[18-Feb-2020 10:26:18 America/Argentina/Buenos_Aires] PHP Notice:  Constant reg_info already defined in /var/www/pyme/generalp.config.inc.php on line 25
[18-Feb-2020 10:26:18 America/Argentina/Buenos_Aires] PHP Notice:  Constant reg_login_ok already defined in /var/www/pyme/generalp.config.inc.php on line 26
[18-Feb-2020 10:26:18 America/Argentina/Buenos_Aires] PHP Notice:  Constant reg_login_fail already defined in /var/www/pyme/generalp.config.inc.php on line 27
[18-Feb-2020 10:26:18 America/Argentina/Buenos_Aires] PHP Notice:  Constant reg_logout already defined in /var/www/pyme/generalp.config.inc.php on line 28
[18-Feb-2020 10:26:18 America/Argentina/Buenos_Aires] PHP Notice:  Constant reg_session_invalidate already defined in /var/www/pyme/generalp.config.inc.php on line 29
[18-Feb-2020 10:26:18 America/Argentina/Buenos_Aires] PHP Notice:  Constant reg_session_read_error already defined in /var/www/pyme/generalp.config.inc.php on line 30
[18-Feb-2020 10:26:18 America/Argentina/Buenos_Aires] PHP Notice:  Constant reg_sql_ok already defined in /var/www/pyme/generalp.config.inc.php on line 31
[18-Feb-2020 10:26:18 America/Argentina/Buenos_Aires] PHP Notice:  Constant reg_sql_fail already defined in /var/www/pyme/generalp.config.inc.php on line 32
[18-Feb-2020 10:26:18 America/Argentina/Buenos_Aires] PHP Notice:  Constant reg_illegal_access already defined in /var/www/pyme/generalp.config.inc.php on line 33
[18-Feb-2020 10:26:18 America/Argentina/Buenos_Aires] PHP Notice:  Constant reg_all already defined in /var/www/pyme/generalp.config.inc.php on line 34
[18-Feb-2020 10:26:18 America/Argentina/Buenos_Aires] PHP Warning:  mysqli::mysqli(): (HY000/2002): Connection refused in /var/www/pyme/menu_sistemas/lib/common.php on line 48
[18-Feb-2020 10:26:18 America/Argentina/Buenos_Aires] PHP Warning:  mysqli::query(): Couldn't fetch mysqli in /var/www/pyme/menu_sistemas/lib/common.php on line 57
[18-Feb-2020 10:26:18 America/Argentina/Buenos_Aires] PHP Warning:  bd::query(): Couldn't fetch mysqli in /var/www/pyme/menu_sistemas/lib/common.php on line 60
[18-Feb-2020 10:26:18 America/Argentina/Buenos_Aires] PHP Warning:  mysqli::close(): Couldn't fetch mysqli in /var/www/pyme/menu_sistemas/lib/common.php on line 62
[18-Feb-2020 10:26:18 America/Argentina/Buenos_Aires] PHP Notice:  Undefined index: ejecutar in /var/www/pyme/selectraerp/index.php on line 32
[18-Feb-2020 10:26:18 America/Argentina/Buenos_Aires] PHP Notice:  Undefined index: baseDatos in /var/www/pyme/selectraerp/index.php on line 33
[18-Feb-2020 10:26:18 America/Argentina/Buenos_Aires] PHP Notice:  Undefined index: nombre in /var/www/pyme/selectraerp/index.php on line 44
[18-Feb-2020 10:26:18 America/Argentina/Buenos_Aires] PHP Fatal error:  Call to a member function fetch_assoc() on null in /var/www/pyme/selectraerp/index.php on line 57
[18-Feb-2020 10:38:58 America/Argentina/Buenos_Aires] PHP Notice:  Constant db_usuario already defined in /var/www/pyme/generalp.config.inc.php on line 8
[18-Feb-2020 10:38:58 America/Argentina/Buenos_Aires] PHP Notice:  Constant db_clave already defined in /var/www/pyme/generalp.config.inc.php on line 9
[18-Feb-2020 10:38:58 America/Argentina/Buenos_Aires] PHP Notice:  Constant db_host already defined in /var/www/pyme/generalp.config.inc.php on line 10
[18-Feb-2020 10:38:58 America/Argentina/Buenos_Aires] PHP Notice:  Constant sugarcrm already defined in /var/www/pyme/generalp.config.inc.php on line 14
[18-Feb-2020 10:38:58 America/Argentina/Buenos_Aires] PHP Notice:  Constant reg_info already defined in /var/www/pyme/generalp.config.inc.php on line 25
[18-Feb-2020 10:38:58 America/Argentina/Buenos_Aires] PHP Notice:  Constant reg_login_ok already defined in /var/www/pyme/generalp.config.inc.php on line 26
[18-Feb-2020 10:38:58 America/Argentina/Buenos_Aires] PHP Notice:  Constant reg_login_fail already defined in /var/www/pyme/generalp.config.inc.php on line 27
[18-Feb-2020 10:38:58 America/Argentina/Buenos_Aires] PHP Notice:  Constant reg_logout already defined in /var/www/pyme/generalp.config.inc.php on line 28
[18-Feb-2020 10:38:58 America/Argentina/Buenos_Aires] PHP Notice:  Constant reg_session_invalidate already defined in /var/www/pyme/generalp.config.inc.php on line 29
[18-Feb-2020 10:38:58 America/Argentina/Buenos_Aires] PHP Notice:  Constant reg_session_read_error already defined in /var/www/pyme/generalp.config.inc.php on line 30
[18-Feb-2020 10:38:58 America/Argentina/Buenos_Aires] PHP Notice:  Constant reg_sql_ok already defined in /var/www/pyme/generalp.config.inc.php on line 31
[18-Feb-2020 10:38:58 America/Argentina/Buenos_Aires] PHP Notice:  Constant reg_sql_fail already defined in /var/www/pyme/generalp.config.inc.php on line 32
[18-Feb-2020 10:38:58 America/Argentina/Buenos_Aires] PHP Notice:  Constant reg_illegal_access already defined in /var/www/pyme/generalp.config.inc.php on line 33
[18-Feb-2020 10:38:58 America/Argentina/Buenos_Aires] PHP Notice:  Constant reg_all already defined in /var/www/pyme/generalp.config.inc.php on line 34
[18-Feb-2020 10:38:58 America/Argentina/Buenos_Aires] PHP Warning:  mysqli::mysqli(): (HY000/2002): Connection refused in /var/www/pyme/menu_sistemas/lib/common.php on line 48
[18-Feb-2020 10:38:58 America/Argentina/Buenos_Aires] PHP Warning:  mysqli::query(): Couldn't fetch mysqli in /var/www/pyme/menu_sistemas/lib/common.php on line 57
[18-Feb-2020 10:38:58 America/Argentina/Buenos_Aires] PHP Warning:  bd::query(): Couldn't fetch mysqli in /var/www/pyme/menu_sistemas/lib/common.php on line 60
[18-Feb-2020 10:38:58 America/Argentina/Buenos_Aires] PHP Warning:  mysqli::close(): Couldn't fetch mysqli in /var/www/pyme/menu_sistemas/lib/common.php on line 62
[18-Feb-2020 10:38:58 America/Argentina/Buenos_Aires] PHP Notice:  Undefined index: ejecutar in /var/www/pyme/selectraerp/index.php on line 32
[18-Feb-2020 10:38:58 America/Argentina/Buenos_Aires] PHP Notice:  Undefined index: baseDatos in /var/www/pyme/selectraerp/index.php on line 33
[18-Feb-2020 10:38:58 America/Argentina/Buenos_Aires] PHP Notice:  Undefined index: nombre in /var/www/pyme/selectraerp/index.php on line 44
[18-Feb-2020 10:38:58 America/Argentina/Buenos_Aires] PHP Fatal error:  Call to a member function fetch_assoc() on null in /var/www/pyme/selectraerp/index.php on line 57
[18-Feb-2020 10:39:01 America/Argentina/Buenos_Aires] PHP Notice:  Constant db_usuario already defined in /var/www/pyme/generalp.config.inc.php on line 8
[18-Feb-2020 10:39:01 America/Argentina/Buenos_Aires] PHP Notice:  Constant db_clave already defined in /var/www/pyme/generalp.config.inc.php on line 9
[18-Feb-2020 10:39:01 America/Argentina/Buenos_Aires] PHP Notice:  Constant db_host already defined in /var/www/pyme/generalp.config.inc.php on line 10
[18-Feb-2020 10:39:01 America/Argentina/Buenos_Aires] PHP Notice:  Constant sugarcrm already defined in /var/www/pyme/generalp.config.inc.php on line 14
[18-Feb-2020 10:39:01 America/Argentina/Buenos_Aires] PHP Notice:  Constant reg_info already defined in /var/www/pyme/generalp.config.inc.php on line 25
[18-Feb-2020 10:39:01 America/Argentina/Buenos_Aires] PHP Notice:  Constant reg_login_ok already defined in /var/www/pyme/generalp.config.inc.php on line 26
[18-Feb-2020 10:39:01 America/Argentina/Buenos_Aires] PHP Notice:  Constant reg_login_fail already defined in /var/www/pyme/generalp.config.inc.php on line 27
[18-Feb-2020 10:39:01 America/Argentina/Buenos_Aires] PHP Notice:  Constant reg_logout already defined in /var/www/pyme/generalp.config.inc.php on line 28
[18-Feb-2020 10:39:01 America/Argentina/Buenos_Aires] PHP Notice:  Constant reg_session_invalidate already defined in /var/www/pyme/generalp.config.inc.php on line 29
[18-Feb-2020 10:39:01 America/Argentina/Buenos_Aires] PHP Notice:  Constant reg_session_read_error already defined in /var/www/pyme/generalp.config.inc.php on line 30
[18-Feb-2020 10:39:01 America/Argentina/Buenos_Aires] PHP Notice:  Constant reg_sql_ok already defined in /var/www/pyme/generalp.config.inc.php on line 31
[18-Feb-2020 10:39:01 America/Argentina/Buenos_Aires] PHP Notice:  Constant reg_sql_fail already defined in /var/www/pyme/generalp.config.inc.php on line 32
[18-Feb-2020 10:39:01 America/Argentina/Buenos_Aires] PHP Notice:  Constant reg_illegal_access already defined in /var/www/pyme/generalp.config.inc.php on line 33
[18-Feb-2020 10:39:01 America/Argentina/Buenos_Aires] PHP Notice:  Constant reg_all already defined in /var/www/pyme/generalp.config.inc.php on line 34
[18-Feb-2020 10:39:01 America/Argentina/Buenos_Aires] PHP Warning:  mysqli::mysqli(): (HY000/2002): Connection refused in /var/www/pyme/menu_sistemas/lib/common.php on line 48
[18-Feb-2020 10:39:01 America/Argentina/Buenos_Aires] PHP Warning:  mysqli::query(): Couldn't fetch mysqli in /var/www/pyme/menu_sistemas/lib/common.php on line 57
[18-Feb-2020 10:39:01 America/Argentina/Buenos_Aires] PHP Warning:  bd::query(): Couldn't fetch mysqli in /var/www/pyme/menu_sistemas/lib/common.php on line 60
[18-Feb-2020 10:39:01 America/Argentina/Buenos_Aires] PHP Warning:  mysqli::close(): Couldn't fetch mysqli in /var/www/pyme/menu_sistemas/lib/common.php on line 62
[18-Feb-2020 10:39:01 America/Argentina/Buenos_Aires] PHP Notice:  Undefined index: ejecutar in /var/www/pyme/selectraerp/index.php on line 32
[18-Feb-2020 10:39:01 America/Argentina/Buenos_Aires] PHP Notice:  Undefined index: baseDatos in /var/www/pyme/selectraerp/index.php on line 33
[18-Feb-2020 10:39:01 America/Argentina/Buenos_Aires] PHP Notice:  Undefined index: nombre in /var/www/pyme/selectraerp/index.php on line 44
[18-Feb-2020 10:39:01 America/Argentina/Buenos_Aires] PHP Fatal error:  Call to a member function fetch_assoc() on null in /var/www/pyme/selectraerp/index.php on line 57
[18-Feb-2020 10:39:30 America/Argentina/Buenos_Aires] PHP Notice:  Constant db_usuario already defined in /var/www/pyme/generalp.config.inc.php on line 8
[18-Feb-2020 10:39:30 America/Argentina/Buenos_Aires] PHP Notice:  Constant db_clave already defined in /var/www/pyme/generalp.config.inc.php on line 9
[18-Feb-2020 10:39:30 America/Argentina/Buenos_Aires] PHP Notice:  Constant db_host already defined in /var/www/pyme/generalp.config.inc.php on line 10
[18-Feb-2020 10:39:30 America/Argentina/Buenos_Aires] PHP Notice:  Constant sugarcrm already defined in /var/www/pyme/generalp.config.inc.php on line 14
[18-Feb-2020 10:39:30 America/Argentina/Buenos_Aires] PHP Notice:  Constant reg_info already defined in /var/www/pyme/generalp.config.inc.php on line 25
[18-Feb-2020 10:39:30 America/Argentina/Buenos_Aires] PHP Notice:  Constant reg_login_ok already defined in /var/www/pyme/generalp.config.inc.php on line 26
[18-Feb-2020 10:39:30 America/Argentina/Buenos_Aires] PHP Notice:  Constant reg_login_fail already defined in /var/www/pyme/generalp.config.inc.php on line 27
[18-Feb-2020 10:39:30 America/Argentina/Buenos_Aires] PHP Notice:  Constant reg_logout already defined in /var/www/pyme/generalp.config.inc.php on line 28
[18-Feb-2020 10:39:30 America/Argentina/Buenos_Aires] PHP Notice:  Constant reg_session_invalidate already defined in /var/www/pyme/generalp.config.inc.php on line 29
[18-Feb-2020 10:39:30 America/Argentina/Buenos_Aires] PHP Notice:  Constant reg_session_read_error already defined in /var/www/pyme/generalp.config.inc.php on line 30
[18-Feb-2020 10:39:30 America/Argentina/Buenos_Aires] PHP Notice:  Constant reg_sql_ok already defined in /var/www/pyme/generalp.config.inc.php on line 31
[18-Feb-2020 10:39:30 America/Argentina/Buenos_Aires] PHP Notice:  Constant reg_sql_fail already defined in /var/www/pyme/generalp.config.inc.php on line 32
[18-Feb-2020 10:39:30 America/Argentina/Buenos_Aires] PHP Notice:  Constant reg_illegal_access already defined in /var/www/pyme/generalp.config.inc.php on line 33
[18-Feb-2020 10:39:30 America/Argentina/Buenos_Aires] PHP Notice:  Constant reg_all already defined in /var/www/pyme/generalp.config.inc.php on line 34
[18-Feb-2020 10:39:30 America/Argentina/Buenos_Aires] PHP Warning:  mysqli::mysqli(): (HY000/2002): Connection refused in /var/www/pyme/menu_sistemas/lib/common.php on line 48
[18-Feb-2020 10:39:30 America/Argentina/Buenos_Aires] PHP Warning:  mysqli::query(): Couldn't fetch mysqli in /var/www/pyme/menu_sistemas/lib/common.php on line 57
[18-Feb-2020 10:39:30 America/Argentina/Buenos_Aires] PHP Warning:  bd::query(): Couldn't fetch mysqli in /var/www/pyme/menu_sistemas/lib/common.php on line 60
[18-Feb-2020 10:39:30 America/Argentina/Buenos_Aires] PHP Warning:  mysqli::close(): Couldn't fetch mysqli in /var/www/pyme/menu_sistemas/lib/common.php on line 62
[18-Feb-2020 10:39:30 America/Argentina/Buenos_Aires] PHP Notice:  Undefined index: ejecutar in /var/www/pyme/selectraerp/index.php on line 32
[18-Feb-2020 10:39:30 America/Argentina/Buenos_Aires] PHP Notice:  Undefined index: baseDatos in /var/www/pyme/selectraerp/index.php on line 33
[18-Feb-2020 10:39:30 America/Argentina/Buenos_Aires] PHP Notice:  Undefined index: nombre in /var/www/pyme/selectraerp/index.php on line 44
[18-Feb-2020 10:39:30 America/Argentina/Buenos_Aires] PHP Fatal error:  Call to a member function fetch_assoc() on null in /var/www/pyme/selectraerp/index.php on line 57
